bikroyik/app/build/intermediates/manifest_merge_blame_file/debug/manifest-merger-blame-debug-report.txt
1<?xml version="1.0" encoding="utf-8"?>
2<manifest xmlns:android="http://schemas.android.com/apk/res/android"
3    package="com.inovex.bikroyik"
4    android:versionCode="11"
5    android:versionName="1.1.1" >
6
7    <uses-sdk
8        android:minSdkVersion="21"
8-->src\main\AndroidManifest.xml
9        android:targetSdkVersion="31" />
9-->src\main\AndroidManifest.xml
10
11    <uses-permission android:name="android.permission.BLUETOOTH_CONNECT" />
11-->src\main\AndroidManifest.xml:6:5-76
11-->src\main\AndroidManifest.xml:6:22-73
12    <uses-permission android:name="android.permission.BLUETOOTH_SCAN" />
12-->src\main\AndroidManifest.xml:7:5-73
12-->src\main\AndroidManifest.xml:7:22-70
13    <uses-permission android:name="android.permission.READ_CONTACTS" />
13-->src\main\AndroidManifest.xml:8:5-72
13-->src\main\AndroidManifest.xml:8:22-69
14    <uses-permission android:name="android.permission.WRITE_CONTACTS" />
14-->src\main\AndroidManifest.xml:9:5-73
14-->src\main\AndroidManifest.xml:9:22-70
15    <uses-permission android:name="android.permission.BLUETOOTH" />
15-->src\main\AndroidManifest.xml:10:5-68
15-->src\main\AndroidManifest.xml:10:22-65
16    <uses-permission android:name="android.permission.BLUETOOTH_ADMIN" />
16-->src\main\AndroidManifest.xml:11:5-74
16-->src\main\AndroidManifest.xml:11:22-71
17    <uses-permission android:name="android.permission.INTERNET" /> <!-- GPS -->
17-->src\main\AndroidManifest.xml:12:5-67
17-->src\main\AndroidManifest.xml:12:22-64
18    <uses-permission android:name="android.permission.ACCESS_FINE_LOCATION" />
18-->src\main\AndroidManifest.xml:13:5-79
18-->src\main\AndroidManifest.xml:13:22-76
19    <uses-permission android:name="android.permission.ACCESS_COARSE_LOCATION" />
19-->src\main\AndroidManifest.xml:14:5-81
19-->src\main\AndroidManifest.xml:14:22-78
20    <uses-permission android:name="android.permission.ACCESS_FINE_LOCATION" />
20-->src\main\AndroidManifest.xml:13:5-79
20-->src\main\AndroidManifest.xml:13:22-76
21    <uses-permission android:name="android.permission.ACCESS_COARSE_LOCATION" />
21-->src\main\AndroidManifest.xml:14:5-81
21-->src\main\AndroidManifest.xml:14:22-78
22    <uses-permission android:name="android.permission.READ_PHONE_STATE" />
22-->src\main\AndroidManifest.xml:17:5-75
22-->src\main\AndroidManifest.xml:17:22-72
23    <uses-permission android:name="android.permission.RECEIVE_BOOT_COMPLETED" />
23-->src\main\AndroidManifest.xml:18:5-81
23-->src\main\AndroidManifest.xml:18:22-78
24    <uses-permission android:name="android.permission.WRITE_EXTERNAL_STORAGE" />
24-->src\main\AndroidManifest.xml:19:5-80
24-->src\main\AndroidManifest.xml:19:22-78
25    <uses-permission android:name="android.permission.READ_EXTERNAL_STORAGE" />
25-->src\main\AndroidManifest.xml:20:5-80
25-->src\main\AndroidManifest.xml:20:22-77
26    <uses-permission android:name="android.permission.ACCESS_NETWORK_STATE" />
26-->src\main\AndroidManifest.xml:21:5-79
26-->src\main\AndroidManifest.xml:21:22-76
27    <uses-permission android:name="android.permission.CALL_PHONE" /> <!-- Camera -->
27-->src\main\AndroidManifest.xml:22:5-69
27-->src\main\AndroidManifest.xml:22:22-66
28    <uses-permission android:name="android.permission.CAMERA" />
28-->src\main\AndroidManifest.xml:23:5-65
28-->src\main\AndroidManifest.xml:23:22-62
29    <uses-permission android:name="android.permission.FOREGROUND_SERVICE" />
29-->src\main\AndroidManifest.xml:25:5-77
29-->src\main\AndroidManifest.xml:25:22-74
30    <uses-permission android:name="android.permission.ACCESS_BACKGROUND_LOCATION" />
30-->src\main\AndroidManifest.xml:26:5-85
30-->src\main\AndroidManifest.xml:26:22-82
31
32    <uses-feature
32-->src\main\AndroidManifest.xml:29:5-31:35
33        android:name="android.hardware.camera"
33-->src\main\AndroidManifest.xml:30:9-47
34        android:required="true" />
34-->src\main\AndroidManifest.xml:31:9-32
35    <uses-feature
35-->[com.google.android.gms:play-services-maps:17.0.0] AndroidManifest.xml:26:5-28:35
36        android:glEsVersion="0x00020000"
36-->[com.google.android.gms:play-services-maps:17.0.0] AndroidManifest.xml:27:9-41
37        android:required="true" />
37-->[com.google.android.gms:play-services-maps:17.0.0] AndroidManifest.xml:28:9-32
38
39    <uses-permission android:name="android.permission.WAKE_LOCK" /> <!-- Required by older versions of Google Play services to create IID tokens -->
39-->[com.google.firebase:firebase-messaging:22.0.0] AndroidManifest.xml:23:5-68
39-->[com.google.firebase:firebase-messaging:22.0.0] AndroidManifest.xml:23:22-65
40    <uses-permission android:name="com.google.android.c2dm.permission.RECEIVE" />
40-->[com.google.firebase:firebase-messaging:22.0.0] AndroidManifest.xml:25:5-82
40-->[com.google.firebase:firebase-messaging:22.0.0] AndroidManifest.xml:25:22-79
41
42    <queries>
42-->[com.facebook.android:audience-network-sdk:6.8.0] AndroidManifest.xml:11:5-13:15
43        <package android:name="com.facebook.katana" />
43-->[com.facebook.android:audience-network-sdk:6.8.0] AndroidManifest.xml:12:9-55
43-->[com.facebook.android:audience-network-sdk:6.8.0] AndroidManifest.xml:12:18-52
44    </queries>
45
46    <uses-permission android:name="com.google.android.finsky.permission.BIND_GET_INSTALL_REFERRER_SERVICE" />
46-->[com.google.android.gms:play-services-measurement:19.0.0] AndroidManifest.xml:26:5-110
46-->[com.google.android.gms:play-services-measurement:19.0.0] AndroidManifest.xml:26:22-107
47
48    <application
48-->src\main\AndroidManifest.xml:33:5-257:19
49        android:allowBackup="true"
49-->src\main\AndroidManifest.xml:34:9-35
50        android:appComponentFactory="androidx.core.app.CoreComponentFactory"
50-->[androidx.core:core:1.5.0] AndroidManifest.xml:24:18-86
51        android:debuggable="true"
52        android:icon="@mipmap/ic_launcher"
52-->src\main\AndroidManifest.xml:35:9-43
53        android:label="@string/app_name"
53-->src\main\AndroidManifest.xml:36:9-41
54        android:roundIcon="@mipmap/ic_launcher_round"
54-->src\main\AndroidManifest.xml:37:9-54
55        android:supportsRtl="true"
55-->src\main\AndroidManifest.xml:38:9-35
56        android:testOnly="true"
57        android:theme="@style/Theme.Paiker"
57-->src\main\AndroidManifest.xml:39:9-44
58        android:usesCleartextTraffic="true" >
58-->src\main\AndroidManifest.xml:40:9-44
59        <activity
59-->src\main\AndroidManifest.xml:42:9-44:40
60            android:name="com.inovex.bikroyik.UI.activity.BuyActivity"
60-->src\main\AndroidManifest.xml:43:13-52
61            android:exported="false" />
61-->src\main\AndroidManifest.xml:44:13-37
62        <activity
62-->src\main\AndroidManifest.xml:45:9-48:63
63            android:name="com.inovex.bikroyik.UI.activity.Expense"
63-->src\main\AndroidManifest.xml:46:13-48
64            android:exported="false" />
64-->src\main\AndroidManifest.xml:47:13-37
65        <activity
65-->src\main\AndroidManifest.xml:49:9-51:40
66            android:name="com.inovex.bikroyik.UI.activity.MainActivity"
66-->src\main\AndroidManifest.xml:50:13-53
67            android:exported="false" />
67-->src\main\AndroidManifest.xml:51:13-37
68        <activity
68-->src\main\AndroidManifest.xml:52:9-54:40
69            android:name="com.inovex.bikroyik.SplashActivityMerchant"
69-->src\main\AndroidManifest.xml:53:13-51
70            android:exported="false" />
70-->src\main\AndroidManifest.xml:54:13-37
71        <activity
71-->src\main\AndroidManifest.xml:55:9-57:40
72            android:name="com.inovex.bikroyik.UI.activity.SelectPosActivity"
72-->src\main\AndroidManifest.xml:56:13-58
73            android:exported="false" />
73-->src\main\AndroidManifest.xml:57:13-37
74        <activity
74-->src\main\AndroidManifest.xml:58:9-61:54
75            android:name="com.inovex.bikroyik.UI.activity.SigninActivity"
75-->src\main\AndroidManifest.xml:59:13-55
76            android:exported="false"
76-->src\main\AndroidManifest.xml:60:13-37
77            android:theme="@style/MyMaterialTheme" />
77-->src\main\AndroidManifest.xml:61:13-51
78        <activity
78-->src\main\AndroidManifest.xml:62:9-65:54
79            android:name="com.inovex.bikroyik.UI.activity.OrderHistoryActivity"
79-->src\main\AndroidManifest.xml:63:13-61
80            android:exported="false"
80-->src\main\AndroidManifest.xml:64:13-37
81            android:theme="@style/MyMaterialTheme" />
81-->src\main\AndroidManifest.xml:65:13-51
82        <activity
82-->src\main\AndroidManifest.xml:66:9-69:54
83            android:name="com.inovex.bikroyik.UI.activity.ScanActivity"
83-->src\main\AndroidManifest.xml:67:13-53
84            android:exported="false"
84-->src\main\AndroidManifest.xml:68:13-37
85            android:theme="@style/MyMaterialTheme" />
85-->src\main\AndroidManifest.xml:69:13-51
86        <activity
86-->src\main\AndroidManifest.xml:70:9-73:54
87            android:name="com.inovex.bikroyik.UI.activity.PhoneBookActivity"
87-->src\main\AndroidManifest.xml:71:13-58
88            android:exported="false"
88-->src\main\AndroidManifest.xml:72:13-37
89            android:theme="@style/MyMaterialTheme" />
89-->src\main\AndroidManifest.xml:73:13-51
90        <activity
90-->src\main\AndroidManifest.xml:74:9-77:74
91            android:name="com.inovex.bikroyik.UI.activity.NewContact"
91-->src\main\AndroidManifest.xml:75:13-51
92            android:exported="false"
92-->src\main\AndroidManifest.xml:76:13-37
93            android:theme="@style/MyMaterialTheme.BlackTextOptionMenu" />
93-->src\main\AndroidManifest.xml:77:13-71
94        <activity
94-->src\main\AndroidManifest.xml:78:9-81:54
95            android:name="com.inovex.bikroyik.UI.activity.ContactListActivity"
95-->src\main\AndroidManifest.xml:79:13-60
96            android:exported="false"
96-->src\main\AndroidManifest.xml:80:13-37
97            android:theme="@style/MyMaterialTheme" />
97-->src\main\AndroidManifest.xml:81:13-51
98        <activity
98-->src\main\AndroidManifest.xml:82:9-85:54
99            android:name="com.inovex.bikroyik.UI.activity.BakirKhata"
99-->src\main\AndroidManifest.xml:83:13-51
100            android:exported="false"
100-->src\main\AndroidManifest.xml:84:13-37
101            android:theme="@style/MyMaterialTheme" />
101-->src\main\AndroidManifest.xml:85:13-51
102        <activity
102-->src\main\AndroidManifest.xml:86:9-89:54
103            android:name="com.inovex.bikroyik.UI.activity.OrderPrintActivity"
103-->src\main\AndroidManifest.xml:87:13-59
104            android:exported="true"
104-->src\main\AndroidManifest.xml:88:13-36
105            android:theme="@style/MyMaterialTheme" />
105-->src\main\AndroidManifest.xml:89:13-51
106        <activity
106-->src\main\AndroidManifest.xml:90:9-93:54
107            android:name="com.inovex.bikroyik.UI.activity.PrintActivity"
107-->src\main\AndroidManifest.xml:91:13-54
108            android:exported="true"
108-->src\main\AndroidManifest.xml:92:13-36
109            android:theme="@style/MyMaterialTheme" />
109-->src\main\AndroidManifest.xml:93:13-51
110        <activity android:name="com.inovex.bikroyik.UI.activity.DeviceList" />
110-->src\main\AndroidManifest.xml:94:9-60
110-->src\main\AndroidManifest.xml:94:19-57
111        <activity
111-->src\main\AndroidManifest.xml:95:9-98:54
112            android:name="com.inovex.bikroyik.UI.activity.MakePaymentActivity"
112-->src\main\AndroidManifest.xml:96:13-60
113            android:exported="false"
113-->src\main\AndroidManifest.xml:97:13-37
114            android:theme="@style/MyMaterialTheme" />
114-->src\main\AndroidManifest.xml:98:13-51
115        <activity
115-->src\main\AndroidManifest.xml:99:9-102:54
116            android:name="com.inovex.bikroyik.UI.activity.TotalChargeCalculationActivity"
116-->src\main\AndroidManifest.xml:100:13-71
117            android:exported="false"
117-->src\main\AndroidManifest.xml:101:13-37
118            android:theme="@style/MyMaterialTheme" />
118-->src\main\AndroidManifest.xml:102:13-51
119        <activity
119-->src\main\AndroidManifest.xml:103:9-106:54
120            android:name="com.inovex.bikroyik.UI.activity.SingleOrderItemActivity"
120-->src\main\AndroidManifest.xml:104:13-64
121            android:exported="false"
121-->src\main\AndroidManifest.xml:105:13-37
122            android:theme="@style/MyMaterialTheme" />
122-->src\main\AndroidManifest.xml:106:13-51
123        <activity
123-->src\main\AndroidManifest.xml:107:9-111:55
124            android:name="com.inovex.bikroyik.UI.activity.OrderActivity"
124-->src\main\AndroidManifest.xml:108:13-54
125            android:exported="false"
125-->src\main\AndroidManifest.xml:109:13-37
126            android:theme="@style/MyMaterialTheme"
126-->src\main\AndroidManifest.xml:110:13-51
127            android:windowSoftInputMode="adjustPan" />
127-->src\main\AndroidManifest.xml:111:13-52
128        <activity
128-->src\main\AndroidManifest.xml:112:9-114:40
129            android:name="com.inovex.bikroyik.UI.activity.DashBoardActivity"
129-->src\main\AndroidManifest.xml:113:13-58
130            android:exported="false" />
130-->src\main\AndroidManifest.xml:114:13-37
131        <activity
131-->src\main\AndroidManifest.xml:115:9-118:54
132            android:name="com.inovex.bikroyik.UI.activity.EditHomepageActivity"
132-->src\main\AndroidManifest.xml:116:13-61
133            android:exported="true"
133-->src\main\AndroidManifest.xml:117:13-36
134            android:theme="@style/MyMaterialTheme" />
134-->src\main\AndroidManifest.xml:118:13-51
135        <activity
135-->src\main\AndroidManifest.xml:119:9-121:49
136            android:name="com.inovex.bikroyik.activity.PasswordChangeActivity"
136-->src\main\AndroidManifest.xml:120:13-60
137            android:theme="@style/LogInStyle" />
137-->src\main\AndroidManifest.xml:121:13-46
138        <activity
138-->src\main\AndroidManifest.xml:122:9-124:54
139            android:name="com.inovex.bikroyik.activity.RouteActivity"
139-->src\main\AndroidManifest.xml:123:13-51
140            android:theme="@style/MyMaterialTheme" />
140-->src\main\AndroidManifest.xml:124:13-51
141        <activity
141-->src\main\AndroidManifest.xml:125:9-127:54
142            android:name="com.inovex.bikroyik.activity.NoticeActivity"
142-->src\main\AndroidManifest.xml:126:13-52
143            android:theme="@style/MyMaterialTheme" />
143-->src\main\AndroidManifest.xml:127:13-51
144        <activity
144-->src\main\AndroidManifest.xml:128:9-130:54
145            android:name="com.inovex.bikroyik.activity.MessageActivityDeliveryMan"
145-->src\main\AndroidManifest.xml:129:13-64
146            android:theme="@style/MyMaterialTheme" />
146-->src\main\AndroidManifest.xml:130:13-51
147
148        <meta-data
148-->src\main\AndroidManifest.xml:132:9-134:53
149            android:name="com.google.firebase.messaging.default_notification_color"
149-->src\main\AndroidManifest.xml:133:13-84
150            android:resource="@color/colorAccent" />
150-->src\main\AndroidManifest.xml:134:13-50
151        <meta-data
151-->src\main\AndroidManifest.xml:135:9-137:71
152            android:name="com.google.firebase.messaging.default_notification_channel_id"
152-->src\main\AndroidManifest.xml:136:13-89
153            android:value="@string/default_notification_channel_id" />
153-->src\main\AndroidManifest.xml:137:13-68
154
155        <activity
155-->src\main\AndroidManifest.xml:139:9-148:20
156            android:name="com.inovex.bikroyik.activity.SplashActivity"
156-->src\main\AndroidManifest.xml:140:13-52
157            android:exported="true"
157-->src\main\AndroidManifest.xml:141:13-36
158            android:theme="@style/SplashTheme" >
158-->src\main\AndroidManifest.xml:142:13-47
159            <intent-filter>
159-->src\main\AndroidManifest.xml:143:13-147:29
160                <action android:name="android.intent.action.MAIN" />
160-->src\main\AndroidManifest.xml:144:17-69
160-->src\main\AndroidManifest.xml:144:25-66
161
162                <category android:name="android.intent.category.LAUNCHER" />
162-->src\main\AndroidManifest.xml:146:17-77
162-->src\main\AndroidManifest.xml:146:27-74
163            </intent-filter>
164        </activity>
165        <activity
165-->src\main\AndroidManifest.xml:149:9-151:54
166            android:name="com.inovex.bikroyik.activity.MainActivity"
166-->src\main\AndroidManifest.xml:150:13-50
167            android:theme="@style/MyMaterialTheme" />
167-->src\main\AndroidManifest.xml:151:13-51
168        <activity android:name="com.inovex.bikroyik.activity.LogInActivity1" />
168-->src\main\AndroidManifest.xml:152:9-61
168-->src\main\AndroidManifest.xml:152:19-58
169        <activity
169-->src\main\AndroidManifest.xml:153:9-155:49
170            android:name="com.inovex.bikroyik.activity.LoginActivity"
170-->src\main\AndroidManifest.xml:154:13-51
171            android:theme="@style/LogInStyle" />
171-->src\main\AndroidManifest.xml:155:13-46
172        <activity android:name="com.inovex.bikroyik.activity.HomeScreenMR" />
172-->src\main\AndroidManifest.xml:156:9-59
172-->src\main\AndroidManifest.xml:156:19-56
173        <activity
173-->src\main\AndroidManifest.xml:157:9-159:54
174            android:name="com.inovex.bikroyik.activity.PartyMeetingActivity"
174-->src\main\AndroidManifest.xml:158:13-58
175            android:theme="@style/MyMaterialTheme" />
175-->src\main\AndroidManifest.xml:159:13-51
176        <activity
176-->src\main\AndroidManifest.xml:160:9-162:54
177            android:name="com.inovex.bikroyik.activity.LoadingActivity"
177-->src\main\AndroidManifest.xml:161:13-53
178            android:theme="@style/MyMaterialTheme" />
178-->src\main\AndroidManifest.xml:162:13-51
179        <activity android:name="com.inovex.bikroyik.adapter.DeviceList" />
179-->src\main\AndroidManifest.xml:163:9-56
179-->src\main\AndroidManifest.xml:163:19-53
180        <activity
180-->src\main\AndroidManifest.xml:164:9-166:54
181            android:name="com.inovex.bikroyik.activity.FinalOrder"
181-->src\main\AndroidManifest.xml:165:13-48
182            android:theme="@style/MyMaterialTheme" />
182-->src\main\AndroidManifest.xml:166:13-51
183        <activity android:name="com.inovex.bikroyik.activity.ProductsDirectoryActivity" />
183-->src\main\AndroidManifest.xml:167:9-72
183-->src\main\AndroidManifest.xml:167:19-69
184        <activity android:name="com.inovex.bikroyik.activity.SubmittedRetailers" />
184-->src\main\AndroidManifest.xml:168:9-65
184-->src\main\AndroidManifest.xml:168:19-62
185        <activity
185-->src\main\AndroidManifest.xml:169:9-171:54
186            android:name="com.inovex.bikroyik.activity.SalesOrderActivity"
186-->src\main\AndroidManifest.xml:170:13-56
187            android:theme="@style/MyMaterialTheme" />
187-->src\main\AndroidManifest.xml:171:13-51
188        <activity
188-->src\main\AndroidManifest.xml:172:9-174:54
189            android:name="com.inovex.bikroyik.activity.NewSalesOrderActivity"
189-->src\main\AndroidManifest.xml:173:13-59
190            android:theme="@style/MyMaterialTheme" />
190-->src\main\AndroidManifest.xml:174:13-51
191        <activity
191-->src\main\AndroidManifest.xml:175:9-177:54
192            android:name="com.inovex.bikroyik.activity.SalesOrderDetailActivity"
192-->src\main\AndroidManifest.xml:176:13-62
193            android:theme="@style/MyMaterialTheme" />
193-->src\main\AndroidManifest.xml:177:13-51
194        <activity
194-->src\main\AndroidManifest.xml:178:9-180:54
195            android:name="com.inovex.bikroyik.activity.PrintActivity"
195-->src\main\AndroidManifest.xml:179:13-51
196            android:theme="@style/MyMaterialTheme" />
196-->src\main\AndroidManifest.xml:180:13-51
197        <activity
197-->src\main\AndroidManifest.xml:181:9-183:54
198            android:name="com.inovex.bikroyik.activity.OrderDeliveryActivity"
198-->src\main\AndroidManifest.xml:182:13-59
199            android:theme="@style/MyMaterialTheme" />
199-->src\main\AndroidManifest.xml:183:13-51
200        <activity
200-->src\main\AndroidManifest.xml:184:9-186:54
201            android:name="com.inovex.bikroyik.activity.OrderDetailsActivity"
201-->src\main\AndroidManifest.xml:185:13-58
202            android:theme="@style/MyMaterialTheme" />
202-->src\main\AndroidManifest.xml:186:13-51
203        <activity
203-->src\main\AndroidManifest.xml:187:9-189:67
204            android:name="com.inovex.bikroyik.activity.AddRetailer"
204-->src\main\AndroidManifest.xml:188:13-49
205            android:parentActivityName="com.inovex.bikroyik.activity.MainActivity" />
205-->src\main\AndroidManifest.xml:189:13-64
206        <activity
206-->src\main\AndroidManifest.xml:190:9-192:54
207            android:name="com.inovex.bikroyik.activity.DueCollectionActivity"
207-->src\main\AndroidManifest.xml:191:13-59
208            android:theme="@style/MyMaterialTheme" />
208-->src\main\AndroidManifest.xml:192:13-51
209        <activity
209-->src\main\AndroidManifest.xml:193:9-195:54
210            android:name="com.inovex.bikroyik.activity.TargetActivity"
210-->src\main\AndroidManifest.xml:194:13-52
211            android:theme="@style/MyMaterialTheme" />
211-->src\main\AndroidManifest.xml:195:13-51
212        <activity android:name="com.inovex.bikroyik.activity.AddOrder" />
212-->src\main\AndroidManifest.xml:196:9-55
212-->src\main\AndroidManifest.xml:196:19-52
213        <activity
213-->src\main\AndroidManifest.xml:197:9-199:54
214            android:name="com.inovex.bikroyik.activity.FinalOrderDetailsActivity"
214-->src\main\AndroidManifest.xml:198:13-63
215            android:theme="@style/MyMaterialTheme" />
215-->src\main\AndroidManifest.xml:199:13-51
216        <activity
216-->src\main\AndroidManifest.xml:200:9-202:54
217            android:name="com.inovex.bikroyik.activity.OrderList"
217-->src\main\AndroidManifest.xml:201:13-47
218            android:theme="@style/MyMaterialTheme" />
218-->src\main\AndroidManifest.xml:202:13-51
219        <activity
219-->src\main\AndroidManifest.xml:203:9-205:54
220            android:name="com.inovex.bikroyik.activity.NotificationActivity"
220-->src\main\AndroidManifest.xml:204:13-58
221            android:theme="@style/MyMaterialTheme" />
221-->src\main\AndroidManifest.xml:205:13-51
222        <activity
222-->src\main\AndroidManifest.xml:206:9-208:63
223            android:name="com.inovex.bikroyik.popup.CashCollectionPopupActivity"
223-->src\main\AndroidManifest.xml:207:13-62
224            android:theme="@style/Theme.Paiker.CustomPopUp" />
224-->src\main\AndroidManifest.xml:208:13-60
225        <activity
225-->src\main\AndroidManifest.xml:209:9-211:63
226            android:name="com.inovex.bikroyik.popup.PermissionGuideline"
226-->src\main\AndroidManifest.xml:210:13-54
227            android:theme="@style/Theme.Paiker.CustomPopUp" />
227-->src\main\AndroidManifest.xml:211:13-60
228
229        <service android:name="com.inovex.bikroyik.services.SalesForceService" />
229-->src\main\AndroidManifest.xml:213:9-63
229-->src\main\AndroidManifest.xml:213:18-60
230        <service android:name="com.inovex.bikroyik.services.AlarmService" />
230-->src\main\AndroidManifest.xml:214:9-58
230-->src\main\AndroidManifest.xml:214:18-55
231        <service android:name="com.inovex.bikroyik.services.BluetoothServices" />
231-->src\main\AndroidManifest.xml:215:9-63
231-->src\main\AndroidManifest.xml:215:18-60
232        <service
232-->src\main\AndroidManifest.xml:216:9-219:39
233            android:name="com.inovex.bikroyik.services.ForegroundService"
233-->src\main\AndroidManifest.xml:217:13-55
234            android:enabled="true"
234-->src\main\AndroidManifest.xml:218:13-35
235            android:exported="true" />
235-->src\main\AndroidManifest.xml:219:13-36
236
237        <receiver android:name="com.inovex.bikroyik.receiver.AppBroadcastReceiver" />
237-->src\main\AndroidManifest.xml:221:9-67
237-->src\main\AndroidManifest.xml:221:19-64
238        <receiver
238-->src\main\AndroidManifest.xml:222:9-229:20
239            android:name="com.inovex.bikroyik.receiver.BootReceiver"
239-->src\main\AndroidManifest.xml:223:13-50
240            android:enabled="true"
240-->src\main\AndroidManifest.xml:224:13-35
241            android:exported="true" >
241-->src\main\AndroidManifest.xml:225:13-36
242            <intent-filter>
242-->src\main\AndroidManifest.xml:226:13-228:29
243                <action android:name="android.intent.action.BOOT_COMPLETED" />
243-->src\main\AndroidManifest.xml:227:17-79
243-->src\main\AndroidManifest.xml:227:25-76
244            </intent-filter>
245        </receiver>
246
247        <service
247-->src\main\AndroidManifest.xml:231:9-233:72
248            android:name="com.inovex.bikroyik.services.LocationJobService"
248-->src\main\AndroidManifest.xml:232:13-56
249            android:permission="android.permission.BIND_JOB_SERVICE" />
249-->src\main\AndroidManifest.xml:233:13-69
250        <service
250-->src\main\AndroidManifest.xml:234:9-237:72
251            android:name="com.inovex.bikroyik.services.AppService"
251-->src\main\AndroidManifest.xml:235:13-48
252            android:enabled="true"
252-->src\main\AndroidManifest.xml:236:13-35
253            android:permission="android.permission.BIND_JOB_SERVICE" />
253-->src\main\AndroidManifest.xml:237:13-69
254        <service
254-->src\main\AndroidManifest.xml:238:9-246:19
255            android:name="com.inovex.bikroyik.services.NotificationFMService"
255-->src\main\AndroidManifest.xml:239:13-59
256            android:exported="false" >
256-->src\main\AndroidManifest.xml:240:13-37
257            <intent-filter>
257-->src\main\AndroidManifest.xml:241:13-245:29
258
259                <!-- <action android:name="com.google.firebase.INSTANCE_ID_EVENT"/> -->
260                <action android:name="com.google.firebase.MESSAGING_EVENT" />
260-->src\main\AndroidManifest.xml:244:17-78
260-->src\main\AndroidManifest.xml:244:25-75
261            </intent-filter>
262        </service>
263
264        <provider
265            android:name="androidx.core.content.FileProvider"
265-->src\main\AndroidManifest.xml:249:13-62
266            android:authorities="com.inovex.bikroyik.provider"
266-->src\main\AndroidManifest.xml:250:13-60
267            android:exported="false"
267-->src\main\AndroidManifest.xml:251:13-37
268            android:grantUriPermissions="true" >
268-->src\main\AndroidManifest.xml:252:13-47
269            <meta-data
269-->src\main\AndroidManifest.xml:253:13-255:53
270                android:name="android.support.FILE_PROVIDER_PATHS"
270-->src\main\AndroidManifest.xml:254:17-67
271                android:resource="@xml/file_path" />
271-->src\main\AndroidManifest.xml:255:17-50
272        </provider>
273        <provider
273-->[com.google.firebase:firebase-perf:20.0.5] AndroidManifest.xml:14:9-18:39
274            android:name="com.google.firebase.perf.provider.FirebasePerfProvider"
274-->[com.google.firebase:firebase-perf:20.0.5] AndroidManifest.xml:15:13-82
275            android:authorities="com.inovex.bikroyik.firebaseperfprovider"
275-->[com.google.firebase:firebase-perf:20.0.5] AndroidManifest.xml:16:13-72
276            android:exported="false"
276-->[com.google.firebase:firebase-perf:20.0.5] AndroidManifest.xml:17:13-37
277            android:initOrder="101" />
277-->[com.google.firebase:firebase-perf:20.0.5] AndroidManifest.xml:18:13-36
278
279        <service
279-->[com.google.firebase:firebase-perf:20.0.5] AndroidManifest.xml:20:9-26:19
280            android:name="com.google.firebase.components.ComponentDiscoveryService"
280-->[com.google.firebase:firebase-perf:20.0.5] AndroidManifest.xml:21:13-84
281            android:directBootAware="true"
281-->[com.google.firebase:firebase-common:20.0.0] AndroidManifest.xml:35:13-43
282            android:exported="false" >
282-->[com.google.firebase:firebase-perf:20.0.5] AndroidManifest.xml:22:13-37
283            <meta-data
283-->[com.google.firebase:firebase-perf:20.0.5] AndroidManifest.xml:23:13-25:85
284                android:name="com.google.firebase.components:com.google.firebase.perf.FirebasePerfRegistrar"
284-->[com.google.firebase:firebase-perf:20.0.5] AndroidManifest.xml:24:17-109
285                android:value="com.google.firebase.components.ComponentRegistrar" />
285-->[com.google.firebase:firebase-perf:20.0.5] AndroidManifest.xml:25:17-82
286            <meta-data
286-->[com.google.firebase:firebase-database:20.0.0] AndroidManifest.xml:32:13-34:85
287                android:name="com.google.firebase.components:com.google.firebase.database.DatabaseRegistrar"
287-->[com.google.firebase:firebase-database:20.0.0] AndroidManifest.xml:33:17-109
288                android:value="com.google.firebase.components.ComponentRegistrar" />
288-->[com.google.firebase:firebase-database:20.0.0] AndroidManifest.xml:34:17-82
289            <meta-data
289-->[com.google.firebase:firebase-messaging:22.0.0] AndroidManifest.xml:52:13-54:85
290                android:name="com.google.firebase.components:com.google.firebase.messaging.FirebaseMessagingRegistrar"
290-->[com.google.firebase:firebase-messaging:22.0.0] AndroidManifest.xml:53:17-119
291                android:value="com.google.firebase.components.ComponentRegistrar" />
291-->[com.google.firebase:firebase-messaging:22.0.0] AndroidManifest.xml:54:17-82
292            <meta-data
292-->[com.google.firebase:firebase-config:21.0.1] AndroidManifest.xml:32:13-34:85
293                android:name="com.google.firebase.components:com.google.firebase.remoteconfig.RemoteConfigRegistrar"
293-->[com.google.firebase:firebase-config:21.0.1] AndroidManifest.xml:33:17-117
294                android:value="com.google.firebase.components.ComponentRegistrar" />
294-->[com.google.firebase:firebase-config:21.0.1] AndroidManifest.xml:34:17-82
295            <meta-data
295-->[com.google.firebase:firebase-datatransport:18.1.0] AndroidManifest.xml:28:13-30:85
296                android:name="com.google.firebase.components:com.google.firebase.datatransport.TransportRegistrar"